<?xml version="1.0" encoding="UTF-8"?>
<!-- Generated by org.testng.reporters.JUnitReportReporter -->
<testsuite skipped="0" hostname="DESKTOP-LJ046SQ" name="stepdefinition.TestNG" tests="4" failures="0" timestamp="29 May 2020 09:46:24 GMT" time="0.033" errors="0">
  <testcase name="nothing" time="0.012" classname="stepdefinition.TestNG"/>
  <testcase name="something" time="0.008" classname="stepdefinition.TestNG"/>
  <testcase name="yacht" time="0.005" classname="stepdefinition.TestNG"/>
  <testcase name="basketBall" time="0.008" classname="stepdefinition.TestNG"/>
</testsuite> <!-- stepdefinition.TestNG -->
